1669051771367	geckodriver	INFO	Listening on 127.0.0.1:50428
1669051774444	mozrunner::runner	INFO	Running command: "C:\\Program Files\\Mozilla Firefox\\firefox.exe" "--marionette" "-no-remote" "-profile" "C:\\Users\\Remix74\\AppData\\Local\\Temp\\rust_mozprofileURvVVa"
1669051774817	Marionette	INFO	Marionette enabled
1669051774821	Marionette	INFO	Listening on port 50443
Read port: 50443
1669051775158	RemoteAgent	WARN	TLS certificate errors will be ignored for this session
console.warn: SearchSettings: "get: No settings file exists, new profile?" (new NotFoundError("Could not open the file at C:\\Users\\Remix74\\AppData\\Local\\Temp\\rust_mozprofileURvVVa\\search.json.mozlz4", (void 0)))
1669052741702	Marionette	INFO	Stopped listening on port 50443
9052710468	mozrunner::runner	INFO	Running command: "C:\\Program Files\\Mozilla Firefox\\firefox.exe" "--marionette" "-no-remote" "-profile" "C:\\Users\\Remix74\\AppData\\Local\\Temp\\rust_mozprofileqlAqpc"
1669052710740	Marionette	INFO	Marionette enabled
1669052710744	Marionette	INFO	Listening on port 52828
Read port: 52828
1669052710901	RemoteAgent	WARN	TLS certificate errors will be ignored for this session
console.warn: SearchSettings: "get: No settings file exists, new profile?" (new NotFoundError("Could not open the file at C:\\Users\\Remix74\\AppData\\Local\\Temp\\rust_mozprofileqlAqpc\\search.json.mozlz4", (void 0)))
1669052711880	Marionette	INFO	Stopped listening on port 52828
1669052744652	geckodriver	INFO	Listening on 127.0.0.1:52876
1669052747728	mozrunner::runner	INFO	Running command: "C:\\Program Files\\Mozilla Firefox\\firefox.exe" "--marionette" "-no-remote" "-profile" "C:\\Users\\Remix74\\AppData\\Local\\Temp\\rust_mozprofilewR1cMl"
1669052748011	Marionette	INFO	Marionette enabled
1669052748014	Marionette	INFO	Listening on port 52894
Read port: 52894
1669052748250	RemoteAgent	WARN	TLS certificate errors will be ignored for this session
console.warn: SearchSettings: "get: No settings file exists, new profile?" (new NotFoundError("Could not open the file at C:\\Users\\Remix74\\AppData\\Local\\Temp\\rust_mozprofilewR1cMl\\search.json.mozlz4", (void 0)))
1669052749116	Marionette	INFO	Stopped listening on port 52894
console.error: Region.jsm: "Error fetching region" (new TypeError("NetworkError when attempting to fetch resource.", ""))
console.error: Region.jsm: "Failed to fetch region" (new Error("NO_RESULT", "resource://gre/modules/Region.sys.mjs", 415))
1669052769224	geckodriver	INFO	Listening on 127.0.0.1:52932
1669052772304	mozrunner::runner	INFO	Running command: "C:\\Program Files\\Mozilla Firefox\\firefox.exe" "--marionette" "-no-remote" "-profile" "C:\\Users\\Remix74\\AppData\\Local\\Temp\\rust_mozprofile64rmOW"
1669052772590	Marionette	INFO	Marionette enabled
1669052772594	Marionette	INFO	Listening on port 52948
Read port: 52948
1669052772883	RemoteAgent	WARN	TLS certificate errors will be ignored for this session
console.warn: SearchSettings: "get: No settings file exists, new profile?" (new NotFoundError("Could not open the file at C:\\Users\\Remix74\\AppData\\Local\\Temp\\rust_mozprofile64rmOW\\search.json.mozlz4", (void 0)))
1669052773752	Marionette	INFO	Stopped listening on port 52948
console.error: Region.jsm: "Error fetching region" (new TypeError("NetworkError when attempting to fetch resource.", ""))
console.error: Region.jsm: "Failed to fetch region" (new Error("NO_RESULT", "resource://gre/modules/Region.sys.mjs", 415))
1669052787380	geckodriver	INFO	Listening on 127.0.0.1:52975
1669052790461	mozrunner::runner	INFO	Running command: "C:\\Program Files\\Mozilla Firefox\\firefox.exe" "--marionette" "-no-remote" "-profile" "C:\\Users\\Remix74\\AppData\\Local\\Temp\\rust_mozprofilet2qtWi"
1669052790752	Marionette	INFO	Marionette enabled
1669052790755	Marionette	INFO	Listening on port 52989
Read port: 52989
1669052790993	RemoteAgent	WARN	TLS certificate errors will be ignored for this session
console.warn: SearchSettings: "get: No settings file exists, new profile?" (new NotFoundError("Could not open the file at C:\\Users\\Remix74\\AppData\\Local\\Temp\\rust_mozprofilet2qtWi\\search.json.mozlz4", (void 0)))
1669052792243	Marionette	INFO	Stopped listening on port 52989
console.error: services.settings: 
  main/query-stripping Signature failed  TypeError: NetworkError: Network request failed
1669052880819	geckodriver	INFO	Listening on 127.0.0.1:53148
1669052883901	mozrunner::runner	INFO	Running command: "C:\\Program Files\\Mozilla Firefox\\firefox.exe" "--marionette" "-no-remote" "-profile" "C:\\Users\\Remix74\\AppData\\Local\\Temp\\rust_mozprofilee5S1Ge"
1669052884187	Marionette	INFO	Marionette enabled
1669052884191	Marionette	INFO	Listening on port 53165
Read port: 53165
1669052884502	RemoteAgent	WARN	TLS certificate errors will be ignored for this session
console.warn: SearchSettings: "get: No settings file exists, new profile?" (new NotFoundError("Could not open the file at C:\\Users\\Remix74\\AppData\\Local\\Temp\\rust_mozprofilee5S1Ge\\search.json.mozlz4", (void 0)))
1669052885726	Marionette	INFO	Stopped listening on port 53165
1669152633795	geckodriver	INFO	Listening on 127.0.0.1:54377
1669152636872	mozrunner::runner	INFO	Running command: "C:\\Program Files\\Mozilla Firefox\\firefox.exe" "--marionette" "-no-remote" "-profile" "C:\\Users\\Remix74\\AppData\\Local\\Temp\\rust_mozprofileJvghD8"
1669152637263	Marionette	INFO	Marionette enabled
1669152637267	Marionette	INFO	Listening on port 54391
Read port: 54391
1669152637564	RemoteAgent	WARN	TLS certificate errors will be ignored for this session
console.warn: SearchSettings: "get: No settings file exists, new profile?" (new NotFoundError("Could not open the file at C:\\Users\\Remix74\\AppData\\Local\\Temp\\rust_mozprofileJvghD8\\search.json.mozlz4", (void 0)))
1669152638558	Marionette	INFO	Stopped listening on port 54391
console.error: services.settings: 
  main/query-stripping Signature failed  TypeError: NetworkError: Network request failed
1669231665586	geckodriver	INFO	Listening on 127.0.0.1:55203
1669231668663	mozrunner::runner	INFO	Running command: "C:\\Program Files\\Mozilla Firefox\\firefox.exe" "--marionette" "-no-remote" "-profile" "C:\\Users\\Remix74\\AppData\\Local\\Temp\\rust_mozprofileoFQ2ZG"
1669231669050	Marionette	INFO	Marionette enabled
1669231669054	Marionette	INFO	Listening on port 55218
Read port: 55218
1669231669384	RemoteAgent	WARN	TLS certificate errors will be ignored for this session
console.warn: SearchSettings: "get: No settings file exists, new profile?" (new NotFoundError("Could not open the file at C:\\Users\\Remix74\\AppData\\Local\\Temp\\rust_mozprofileoFQ2ZG\\search.json.mozlz4", (void 0)))
1669231670381	Marionette	INFO	Stopped listening on port 55218
console.error: services.settings: 
  main/query-stripping Signature failed  TypeError: NetworkError: Network request failed
1669232644123	geckodriver	INFO	Listening on 127.0.0.1:57089
1669232647176	mozrunner::runner	INFO	Running command: "C:\\Program Files\\Mozilla Firefox\\firefox.exe" "--marionette" "-no-remote" "-profile" "C:\\Users\\Remix74\\AppData\\Local\\Temp\\rust_mozprofile6KJ0S9"
1669232647472	Marionette	INFO	Marionette enabled
1669232647475	Marionette	INFO	Listening on port 57115
Read port: 57115
1669232647752	RemoteAgent	WARN	TLS certificate errors will be ignored for this session
console.warn: SearchSettings: "get: No settings file exists, new profile?" (new NotFoundError("Could not open the file at C:\\Users\\Remix74\\AppData\\Local\\Temp\\rust_mozprofile6KJ0S9\\search.json.mozlz4", (void 0)))
1669232649046	Marionette	INFO	Stopped listening on port 57115
console.error: services.settings: 
  main/query-stripping Signature failed  TypeError: NetworkError: Network request failed
1670176451553	geckodriver	INFO	Listening on 127.0.0.1:58899
1670176454631	mozrunner::runner	INFO	Running command: "C:\\Program Files\\Mozilla Firefox\\firefox.exe" "--marionette" "-no-remote" "-profile" "C:\\Users\\Remix74\\AppData\\Local\\Temp\\rust_mozprofileBg7nxn"
1670176455203	Marionette	INFO	Marionette enabled
1670176455206	Marionette	INFO	Listening on port 58914
Read port: 58914
1670176455541	RemoteAgent	WARN	TLS certificate errors will be ignored for this session
console.warn: SearchSettings: "get: No settings file exists, new profile?" (new NotFoundError("Could not open the file at C:\\Users\\Remix74\\AppData\\Local\\Temp\\rust_mozprofileBg7nxn\\search.json.mozlz4", (void 0)))
1670176462832	Marionette	WARN	Ignoring event 'pageshow' because document has an invalid readyState of 'uninitialized'.
1670176462890	Marionette	INFO	Stopped listening on port 58914
1670176800342	geckodriver	INFO	Listening on 127.0.0.1:59352
1670176803422	mozrunner::runner	INFO	Running command: "C:\\Program Files\\Mozilla Firefox\\firefox.exe" "--marionette" "-no-remote" "-profile" "C:\\Users\\Remix74\\AppData\\Local\\Temp\\rust_mozprofileZJGYO4"
1670176803701	Marionette	INFO	Marionette enabled
1670176803705	Marionette	INFO	Listening on port 59367
Read port: 59367
1670176803961	RemoteAgent	WARN	TLS certificate errors will be ignored for this session
console.warn: SearchSettings: "get: No settings file exists, new profile?" (new NotFoundError("Could not open the file at C:\\Users\\Remix74\\AppData\\Local\\Temp\\rust_mozprofileZJGYO4\\search.json.mozlz4", (void 0)))
1670176805116	Marionette	INFO	Stopped listening on port 59367
1670177148578	geckodriver	INFO	Listening on 127.0.0.1:59799
1670177151655	mozrunner::runner	INFO	Running command: "C:\\Program Files\\Mozilla Firefox\\firefox.exe" "--marionette" "-no-remote" "-profile" "C:\\Users\\Remix74\\AppData\\Local\\Temp\\rust_mozprofileW2Qo8Z"
1670177151950	Marionette	INFO	Marionette enabled
1670177151953	Marionette	INFO	Listening on port 59816
Read port: 59816
1670177152253	RemoteAgent	WARN	TLS certificate errors will be ignored for this session
console.warn: SearchSettings: "get: No settings file exists, new profile?" (new NotFoundError("Could not open the file at C:\\Users\\Remix74\\AppData\\Local\\Temp\\rust_mozprofileW2Qo8Z\\search.json.mozlz4", (void 0)))
1670177153344	Marionette	INFO	Stopped listening on port 59816
1670186806535	geckodriver	INFO	Listening on 127.0.0.1:49451
1670186809595	mozrunner::runner	INFO	Running command: "C:\\Program Files\\Mozilla Firefox\\firefox.exe" "--marionette" "-no-remote" "-profile" "C:\\Users\\Remix74\\AppData\\Local\\Temp\\rust_mozprofilePQpw9h"
1670186809895	Marionette	INFO	Marionette enabled
1670186809898	Marionette	INFO	Listening on port 49466
Read port: 49466
1670186810207	RemoteAgent	WARN	TLS certificate errors will be ignored for this session
console.warn: SearchSettings: "get: No settings file exists, new profile?" (new NotFoundError("Could not open the file at C:\\Users\\Remix74\\AppData\\Local\\Temp\\rust_mozprofilePQpw9h\\search.json.mozlz4", (void 0)))
1670186811251	Marionette	INFO	Stopped listening on port 49466
